Using pre-set license
Built from '2022.3/staging' branch; Version is '2022.3.21f1 (bf09ca542b87) revision 12519882'; Using compiler version '192829333'; Build Type 'Release'
OS: 'Windows 10  (10.0.19045) 64bit Core' Language: 'es' Physical Memory: 16222 MB
BatchMode: 1, IsHumanControllingUs: 0, StartBugReporterOnCrash: 0, Is64bit: 1, IsPro: 1

COMMAND LINE ARGUMENTS:
D:\Unity2022\2022.3.21f1\Editor\Unity.exe
-adb2
-batchMode
-noUpm
-name
AssetImportWorker2
-projectPath
D:/UnityVR/fernan-room
-logFile
Logs/AssetImportWorker2.log
-srvPort
50609
Successfully changed project path to: D:/UnityVR/fernan-room
D:/UnityVR/fernan-room
[UnityMemory] Configuration Parameters - Can be set up in boot.config
    "memorysetup-bucket-allocator-granularity=16"
    "memorysetup-bucket-allocator-bucket-count=8"
    "memorysetup-bucket-allocator-block-size=33554432"
    "memorysetup-bucket-allocator-block-count=8"
    "memorysetup-main-allocator-block-size=16777216"
    "memorysetup-thread-allocator-block-size=16777216"
    "memorysetup-gfx-main-allocator-block-size=16777216"
    "memorysetup-gfx-thread-allocator-block-size=16777216"
    "memorysetup-cache-allocator-block-size=4194304"
    "memorysetup-typetree-allocator-block-size=2097152"
    "memorysetup-profiler-bucket-allocator-granularity=16"
    "memorysetup-profiler-bucket-allocator-bucket-count=8"
    "memorysetup-profiler-bucket-allocator-block-size=33554432"
    "memorysetup-profiler-bucket-allocator-block-count=8"
    "memorysetup-profiler-allocator-block-size=16777216"
    "memorysetup-profiler-editor-allocator-block-size=1048576"
    "memorysetup-temp-allocator-size-main=16777216"
    "memorysetup-job-temp-allocator-block-size=2097152"
    "memorysetup-job-temp-allocator-block-size-background=1048576"
    "memorysetup-job-temp-allocator-reduction-small-platforms=262144"
    "memorysetup-allocator-temp-initial-block-size-main=262144"
    "memorysetup-allocator-temp-initial-block-size-worker=262144"
    "memorysetup-temp-allocator-size-background-worker=32768"
    "memorysetup-temp-allocator-size-job-worker=262144"
    "memorysetup-temp-allocator-size-preload-manager=33554432"
    "memorysetup-temp-allocator-size-nav-mesh-worker=65536"
    "memorysetup-temp-allocator-size-audio-worker=65536"
    "memorysetup-temp-allocator-size-cloud-worker=32768"
    "memorysetup-temp-allocator-size-gi-baking-worker=262144"
    "memorysetup-temp-allocator-size-gfx=262144"
Player connection [14392] Host "[IP] 192.168.18.15 [Port] 0 [Flags] 2 [Guid] 3540348336 [EditorId] 3540348336 [Version] 1048832 [Id] WindowsEditor(7,DESKTOP-TPC0601) [Debug] 1 [PackageName] WindowsEditor [ProjectName] Editor" joined multi-casting on [225.0.0.222:54997]...

Player connection [14392] Host "[IP] 192.168.18.15 [Port] 0 [Flags] 2 [Guid] 3540348336 [EditorId] 3540348336 [Version] 1048832 [Id] WindowsEditor(7,DESKTOP-TPC0601) [Debug] 1 [PackageName] WindowsEditor [ProjectName] Editor" joined alternative multi-casting on [225.0.0.222:34997]...

[Physics::Module] Initialized MultithreadedJobDispatcher with 11 workers.
Default GameObject Tag: Player already registered
Refreshing native plugins compatible for Editor in 58.45 ms, found 3 plugins.
Preloading 0 native plugins for Editor in 0.00 ms.
Initialize engine version: 2022.3.21f1 (bf09ca542b87)
[Subsystems] Discovering subsystems at path D:/Unity2022/2022.3.21f1/Editor/Data/Resources/UnitySubsystems
[Subsystems] Discovering subsystems at path D:/UnityVR/fernan-room/Assets
GfxDevice: creating device client; threaded=0; jobified=0
Direct3D:
    Version:  Direct3D 11.0 [level 11.1]
    Renderer: NVIDIA GeForce RTX 2070 Super (ID=0x1ed1)
    Vendor:   NVIDIA
    VRAM:     8003 MB
    Driver:   31.0.15.4626
Initialize mono
Mono path[0] = 'D:/Unity2022/2022.3.21f1/Editor/Data/Managed'
Mono path[1] = 'D:/Unity2022/2022.3.21f1/Editor/Data/MonoBleedingEdge/lib/mono/unityjit-win32'
Mono config path = 'D:/Unity2022/2022.3.21f1/Editor/Data/MonoBleedingEdge/etc'
Using monoOptions --debugger-agent=transport=dt_socket,embedding=1,server=y,suspend=n,address=127.0.0.1:56412
Begin MonoManager ReloadAssembly
Registering precompiled unity dll's ...
Register platform support module: D:/Unity2022/2022.3.21f1/Editor/Data/PlaybackEngines/WebGLSupport/UnityEditor.WebGL.Extensions.dll
Register platform support module: D:/Unity2022/2022.3.21f1/Editor/Data/PlaybackEngines/AndroidPlayer/UnityEditor.Android.Extensions.dll
Register platform support module: D:/Unity2022/2022.3.21f1/Editor/Data/PlaybackEngines/WindowsStandaloneSupport/UnityEditor.WindowsStandalone.Extensions.dll
Registered in 0.005464 seconds.
- Loaded All Assemblies, in  0.459 seconds
Native extension for WindowsStandalone target not found
Native extension for Android target not found
Android Extension - Scanning For ADB Devices 285 ms
Native extension for WebGL target not found
Mono: successfully reloaded assembly
- Finished resetting the current domain, in  0.791 seconds
Domain Reload Profiling: 1250ms
	BeginReloadAssembly (124ms)
		ExecutionOrderSort (0ms)
		DisableScriptedObjects (0ms)
		BackupInstance (0ms)
		ReleaseScriptingObjects (0ms)
		CreateAndSetChildDomain (1ms)
	RebuildCommonClasses (41ms)
	RebuildNativeTypeToScriptingClass (18ms)
	initialDomainReloadingComplete (66ms)
	LoadAllAssembliesAndSetupDomain (209ms)
		LoadAssemblies (123ms)
		RebuildTransferFunctionScriptingTraits (0ms)
		AnalyzeDomain (206ms)
			TypeCache.Refresh (204ms)
				TypeCache.ScanAssembly (188ms)
			ScanForSourceGeneratedMonoScriptInfo (1ms)
			ResolveRequiredComponents (1ms)
	FinalizeReload (792ms)
		ReleaseScriptCaches (0ms)
		RebuildScriptCaches (0ms)
		SetupLoadedEditorAssemblies (709ms)
			LogAssemblyErrors (0ms)
			InitializePlatformSupportModulesInManaged (444ms)
			SetLoadedEditorAssemblies (4ms)
			RefreshPlugins (0ms)
			BeforeProcessingInitializeOnLoad (3ms)
			ProcessInitializeOnLoadAttributes (174ms)
			ProcessInitializeOnLoadMethodAttributes (84ms)
			AfterProcessingInitializeOnLoad (0ms)
			EditorAssembliesLoaded (0ms)
		ExecutionOrderSort2 (0ms)
		AwakeInstancesAfterBackupRestoration (0ms)
========================================================================
Worker process is ready to serve import requests
Begin MonoManager ReloadAssembly
Symbol file LoadedFromMemory is not a mono symbol file
- Loaded All Assemblies, in  0.706 seconds
Refreshing native plugins compatible for Editor in 2.36 ms, found 3 plugins.
Native extension for WindowsStandalone target not found
Native extension for Android target not found
Native extension for WebGL target not found
Package Manager log level set to [2]
[Package Manager] Server::EnsureServerProcessIsRunning -- launch failed, reason: Unity was launched with the -noUpm command-line argument
[Package Manager] UpmClient::Send -- Unable to send message (not connected to UPM process).
[Package Manager] Cannot connect to Unity Package Manager local server
Mono: successfully reloaded assembly
- Finished resetting the current domain, in  0.627 seconds
Domain Reload Profiling: 1333ms
	BeginReloadAssembly (180ms)
		ExecutionOrderSort (0ms)
		DisableScriptedObjects (7ms)
		BackupInstance (0ms)
		ReleaseScriptingObjects (0ms)
		CreateAndSetChildDomain (30ms)
	RebuildCommonClasses (34ms)
	RebuildNativeTypeToScriptingClass (14ms)
	initialDomainReloadingComplete (42ms)
	LoadAllAssembliesAndSetupDomain (436ms)
		LoadAssemblies (312ms)
		RebuildTransferFunctionScriptingTraits (0ms)
		AnalyzeDomain (228ms)
			TypeCache.Refresh (200ms)
				TypeCache.ScanAssembly (181ms)
			ScanForSourceGeneratedMonoScriptInfo (18ms)
			ResolveRequiredComponents (8ms)
	FinalizeReload (628ms)
		ReleaseScriptCaches (0ms)
		RebuildScriptCaches (0ms)
		SetupLoadedEditorAssemblies (452ms)
			LogAssemblyErrors (0ms)
			InitializePlatformSupportModulesInManaged (23ms)
			SetLoadedEditorAssemblies (3ms)
			RefreshPlugins (0ms)
			BeforeProcessingInitializeOnLoad (59ms)
			ProcessInitializeOnLoadAttributes (341ms)
			ProcessInitializeOnLoadMethodAttributes (23ms)
			AfterProcessingInitializeOnLoad (3ms)
			EditorAssembliesLoaded (0ms)
		ExecutionOrderSort2 (0ms)
		AwakeInstancesAfterBackupRestoration (7ms)
Default GameObject Tag: Player already registered
Launched and connected shader compiler UnityShaderCompiler.exe after 0.04 seconds
Refreshing native plugins compatible for Editor in 2.09 ms, found 3 plugins.
Preloading 0 native plugins for Editor in 0.00 ms.
Unloading 3193 Unused Serialized files (Serialized files now loaded: 0)
Unloading 36 unused Assets / (30.8 KB). Loaded Objects now: 3672.
Memory consumption went from 138.5 MB to 138.5 MB.
Total: 2.975800 ms (FindLiveObjects: 0.275300 ms CreateObjectMapping: 0.299500 ms MarkObjects: 2.342500 ms  DeleteObjects: 0.057200 ms)

AssetImportParameters requested are different than current active one (requested -> active):
  custom:container-demuxer-ogg: 62fdf1f143b41e24485cea50d1cbac27 -> 
  custom:video-decoder-ogg-theora: a1e56fd34408186e4bbccfd4996cb3dc -> 
  custom:framework-win-MediaFoundation: 216162199b28c13a410421893ffa2e32 -> 
  custom:CustomObjectIndexerAttribute: 9a22284fe3817be447336de3de66b15e -> 
  custom:container-demuxer-webm: 4f35f7cbe854078d1ac9338744f61a02 -> 
  custom:container-muxer-webm: aa71ff27fc2769a1b78a27578f13a17b -> 
  custom:video-decoder-webm-vp8: 9c59270c3fd7afecdb556c50c9e8de78 -> 
  custom:SearchIndexIgnoredProperties: e643bd26f0fe6173181afceb89e7c659 -> 
  custom:AudioImporter_EditorPlatform: d09bf68614088b80899f8185d706f6e7 -> 
  custom:video-encoder-webm-vp8: eb34c28f22e8b96e1ab97ce403110664 -> 
  custom:audio-decoder-ogg-vorbis: bf7c407c2cedff20999df2af8eb42d56 -> 
  custom:audio-encoder-webm-vorbis: bf7c407c2cedff20999df2af8eb42d56 -> 
========================================================================
Received Import Request.
  Time since last request: 76787.116510 seconds.
  path: Assets/Trash Pack Low Poly/Bottle4.FBX
  artifactKey: Guid(c508bee724909024ebabc106ffc525ee) Importer(815301076,1909f56bfc062723c751e8b465ee728b)
Start importing Assets/Trash Pack Low Poly/Bottle4.FBX using Guid(c508bee724909024ebabc106ffc525ee) Importer(815301076,1909f56bfc062723c751e8b465ee728b)  -> (artifact id: 'b3056d8849f94e4fb405c232659d26b2') in 0.225256 seconds
Number of updated asset objects reloaded before import = 0
Number of asset objects unloaded after import = 11
========================================================================
Received Import Request.
  Time since last request: 0.000043 seconds.
  path: Assets/Trash Pack Low Poly/Bottle2.FBX
  artifactKey: Guid(600f6467914f8fb48926d853668a1ce5) Importer(815301076,1909f56bfc062723c751e8b465ee728b)
Start importing Assets/Trash Pack Low Poly/Bottle2.FBX using Guid(600f6467914f8fb48926d853668a1ce5) Importer(815301076,1909f56bfc062723c751e8b465ee728b)  -> (artifact id: 'b72b00d163effc2f8d6b17ac53c3de06') in 0.017915 seconds
Number of updated asset objects reloaded before import = 0
Number of asset objects unloaded after import = 10
========================================================================
Received Import Request.
  Time since last request: 0.000018 seconds.
  path: Assets/Trash Pack Low Poly/Bottle4_2.prefab
  artifactKey: Guid(3667125f3eed893459ad620dfedcca53) Importer(815301076,1909f56bfc062723c751e8b465ee728b)
Start importing Assets/Trash Pack Low Poly/Bottle4_2.prefab using Guid(3667125f3eed893459ad620dfedcca53) Importer(815301076,1909f56bfc062723c751e8b465ee728b)  -> (artifact id: '72412f7641c36e38a3e8ef60b93561d8') in 0.014770 seconds
Number of updated asset objects reloaded before import = 0
Number of asset objects unloaded after import = 11
========================================================================
Received Import Request.
  Time since last request: 39.136746 seconds.
  path: Assets/Trash Pack Low Poly/BottleOfBeer1_2.prefab
  artifactKey: Guid(18c7f6b8eb5793f49a8f6d81d2e01b43) Importer(815301076,1909f56bfc062723c751e8b465ee728b)
Start importing Assets/Trash Pack Low Poly/BottleOfBeer1_2.prefab using Guid(18c7f6b8eb5793f49a8f6d81d2e01b43) Importer(815301076,1909f56bfc062723c751e8b465ee728b)  -> (artifact id: 'c04a5426cc1953019f69e847af3bc6a6') in 0.093940 seconds
Number of updated asset objects reloaded before import = 0
Number of asset objects unloaded after import = 13
========================================================================
Received Import Request.
  Time since last request: 0.000014 seconds.
  path: Assets/Trash Pack Low Poly/PlasticCoup.FBX
  artifactKey: Guid(faed0e6ed186b9b479ddef4ff61a5f80) Importer(815301076,1909f56bfc062723c751e8b465ee728b)
Start importing Assets/Trash Pack Low Poly/PlasticCoup.FBX using Guid(faed0e6ed186b9b479ddef4ff61a5f80) Importer(815301076,1909f56bfc062723c751e8b465ee728b)  -> (artifact id: '084a836af72140910ed63b28587bbe6d') in 0.018145 seconds
Number of updated asset objects reloaded before import = 0
Number of asset objects unloaded after import = 10
========================================================================
Received Import Request.
  Time since last request: 0.000015 seconds.
  path: Assets/Trash Pack Low Poly/ToiletPaper2.FBX
  artifactKey: Guid(10aa997cce14d3d41be3c9405d8ccb94) Importer(815301076,1909f56bfc062723c751e8b465ee728b)
Start importing Assets/Trash Pack Low Poly/ToiletPaper2.FBX using Guid(10aa997cce14d3d41be3c9405d8ccb94) Importer(815301076,1909f56bfc062723c751e8b465ee728b)  -> (artifact id: 'acb95c06b84231fe9d7dc1e58fd5bf19') in 0.017869 seconds
Number of updated asset objects reloaded before import = 0
Number of asset objects unloaded after import = 11
========================================================================
Received Import Request.
  Time since last request: 0.000015 seconds.
  path: Assets/Trash Pack Low Poly/Trashcan4.FBX
  artifactKey: Guid(4897e8b654a8a7f489e6681cfe3fb50a) Importer(815301076,1909f56bfc062723c751e8b465ee728b)
Start importing Assets/Trash Pack Low Poly/Trashcan4.FBX using Guid(4897e8b654a8a7f489e6681cfe3fb50a) Importer(815301076,1909f56bfc062723c751e8b465ee728b)  -> (artifact id: '10172facab070ddaa3e2cc1a3cfd8f43') in 0.029696 seconds
Number of updated asset objects reloaded before import = 0
Number of asset objects unloaded after import = 18
========================================================================
Received Import Request.
  Time since last request: 0.000018 seconds.
  path: Assets/Trash Pack Low Poly/Cereal.FBX
  artifactKey: Guid(8cdf52bef3c7c874498d5def25a35bbf) Importer(815301076,1909f56bfc062723c751e8b465ee728b)
Start importing Assets/Trash Pack Low Poly/Cereal.FBX using Guid(8cdf52bef3c7c874498d5def25a35bbf) Importer(815301076,1909f56bfc062723c751e8b465ee728b)  -> (artifact id: '836db9e2fc9ded8ad2dff7ef76ffd904') in 0.021464 seconds
Number of updated asset objects reloaded before import = 0
Number of asset objects unloaded after import = 11
========================================================================
Received Import Request.
  Time since last request: 55.769630 seconds.
  path: Assets/MyAssets/Prefabs/Round_One
  artifactKey: Guid(148b56c472837434cb1171160b899fa4) Importer(815301076,1909f56bfc062723c751e8b465ee728b)
Start importing Assets/MyAssets/Prefabs/Round_One using Guid(148b56c472837434cb1171160b899fa4) Importer(815301076,1909f56bfc062723c751e8b465ee728b)  -> (artifact id: 'c2006888a70a5f4ead5e48a0fdb60faf') in 0.000504 seconds
Number of updated asset objects reloaded before import = 0
Number of asset objects unloaded after import = 0
========================================================================
Received Import Request.
  Time since last request: 8.674637 seconds.
  path: Assets/MyAssets/Prefabs/Round_1
  artifactKey: Guid(148b56c472837434cb1171160b899fa4) Importer(815301076,1909f56bfc062723c751e8b465ee728b)
Start importing Assets/MyAssets/Prefabs/Round_1 using Guid(148b56c472837434cb1171160b899fa4) Importer(815301076,1909f56bfc062723c751e8b465ee728b)  -> (artifact id: 'ac401408aaea5b791d9113787bd89829') in 0.000373 seconds
Number of updated asset objects reloaded before import = 0
Number of asset objects unloaded after import = 0
========================================================================
Received Import Request.
  Time since last request: 4.437411 seconds.
  path: Assets/MyAssets/Prefabs/Round_3
  artifactKey: Guid(c6ea8ff9c8acb824b8ccfc8082c5dc9b) Importer(815301076,1909f56bfc062723c751e8b465ee728b)
Start importing Assets/MyAssets/Prefabs/Round_3 using Guid(c6ea8ff9c8acb824b8ccfc8082c5dc9b) Importer(815301076,1909f56bfc062723c751e8b465ee728b)  -> (artifact id: 'cd3e013fc7eb69306a56bd25ce3e92e3') in 0.000385 seconds
Number of updated asset objects reloaded before import = 0
Number of asset objects unloaded after import = 0
========================================================================
Received Import Request.
  Time since last request: 0.376041 seconds.
  path: Assets/MyAssets/Prefabs/Round_Two
  artifactKey: Guid(e6db75df01278894eace67a0457cd23a) Importer(815301076,1909f56bfc062723c751e8b465ee728b)
Start importing Assets/MyAssets/Prefabs/Round_Two using Guid(e6db75df01278894eace67a0457cd23a) Importer(815301076,1909f56bfc062723c751e8b465ee728b)  -> (artifact id: '66597689f99548528d9b397f622e7bd3') in 0.000519 seconds
Number of updated asset objects reloaded before import = 0
Number of asset objects unloaded after import = 0
========================================================================
Received Import Request.
  Time since last request: 2.625585 seconds.
  path: Assets/MyAssets/Prefabs/Round_2
  artifactKey: Guid(e6db75df01278894eace67a0457cd23a) Importer(815301076,1909f56bfc062723c751e8b465ee728b)
Start importing Assets/MyAssets/Prefabs/Round_2 using Guid(e6db75df01278894eace67a0457cd23a) Importer(815301076,1909f56bfc062723c751e8b465ee728b)  -> (artifact id: '9991451b0f1ebbd58a63e3795a826430') in 0.000389 seconds
Number of updated asset objects reloaded before import = 0
Number of asset objects unloaded after import = 0
========================================================================
Received Import Request.
  Time since last request: 7.343609 seconds.
  path: Assets/MyAssets/Prefabs/Round_4
  artifactKey: Guid(ecb987ab5dd0ee043bf314793a37cdb7) Importer(815301076,1909f56bfc062723c751e8b465ee728b)
Start importing Assets/MyAssets/Prefabs/Round_4 using Guid(ecb987ab5dd0ee043bf314793a37cdb7) Importer(815301076,1909f56bfc062723c751e8b465ee728b)  -> (artifact id: '72871921c513d0aa7d50a1b5c2444eea') in 0.000386 seconds
Number of updated asset objects reloaded before import = 0
Number of asset objects unloaded after import = 0
========================================================================
Received Import Request.
  Time since last request: 3.476868 seconds.
  path: Assets/MyAssets/Animations/Student.fbx
  artifactKey: Guid(030d18ed4b9856f4da959f46921070be) Importer(815301076,1909f56bfc062723c751e8b465ee728b)
Start importing Assets/MyAssets/Animations/Student.fbx using Guid(030d18ed4b9856f4da959f46921070be) Importer(815301076,1909f56bfc062723c751e8b465ee728b)  -> (artifact id: 'ce77197a7ef376409fde129fb2ace8dd') in 0.079379 seconds
Number of updated asset objects reloaded before import = 0
Number of asset objects unloaded after import = 89
========================================================================
Received Import Request.
  Time since last request: 25.418111 seconds.
  path: Assets/MyAssets/Models/horse.fbx
  artifactKey: Guid(f828d57aa52f7da4fa457610e41f776d) Importer(815301076,1909f56bfc062723c751e8b465ee728b)
Start importing Assets/MyAssets/Models/horse.fbx using Guid(f828d57aa52f7da4fa457610e41f776d) Importer(815301076,1909f56bfc062723c751e8b465ee728b)  -> (artifact id: '438b17552cb26711b759b761cca494c8') in 0.020836 seconds
Number of updated asset objects reloaded before import = 0
Number of asset objects unloaded after import = 8
========================================================================
Received Import Request.
  Time since last request: 0.000013 seconds.
  path: Assets/MyAssets/Models/zetra.fbx
  artifactKey: Guid(1c574cd0982c6684aac7ed3791eace05) Importer(815301076,1909f56bfc062723c751e8b465ee728b)
Start importing Assets/MyAssets/Models/zetra.fbx using Guid(1c574cd0982c6684aac7ed3791eace05) Importer(815301076,1909f56bfc062723c751e8b465ee728b)  -> (artifact id: '70c4ce6526936d077310cffaeaf7f14e') in 0.047230 seconds
Number of updated asset objects reloaded before import = 0
Number of asset objects unloaded after import = 8
========================================================================
Received Import Request.
  Time since last request: 0.000018 seconds.
  path: Assets/MyAssets/Models/merzedez.fbx
  artifactKey: Guid(aa175512d531e2348918d922222c31de) Importer(815301076,1909f56bfc062723c751e8b465ee728b)
Start importing Assets/MyAssets/Models/merzedez.fbx using Guid(aa175512d531e2348918d922222c31de) Importer(815301076,1909f56bfc062723c751e8b465ee728b)  -> (artifact id: '22b4e2dd343f5ff3c6a84aa2732b60c1') in 0.020324 seconds
Number of updated asset objects reloaded before import = 0
Number of asset objects unloaded after import = 8
========================================================================
Received Import Request.
  Time since last request: 0.000024 seconds.
  path: Assets/MyAssets/Models/lion.fbx
  artifactKey: Guid(65bb567fddffea74d915b394b72903f3) Importer(815301076,1909f56bfc062723c751e8b465ee728b)
Start importing Assets/MyAssets/Models/lion.fbx using Guid(65bb567fddffea74d915b394b72903f3) Importer(815301076,1909f56bfc062723c751e8b465ee728b)  -> (artifact id: 'c741b78c449c420e2138f09f037348fd') in 0.018190 seconds
Number of updated asset objects reloaded before import = 0
Number of asset objects unloaded after import = 8
========================================================================
Received Import Request.
  Time since last request: 0.000026 seconds.
  path: Assets/MyAssets/Models/zeat.fbx
  artifactKey: Guid(e4f4c253379e1704d8eaab1eca3fe34e) Importer(815301076,1909f56bfc062723c751e8b465ee728b)
Start importing Assets/MyAssets/Models/zeat.fbx using Guid(e4f4c253379e1704d8eaab1eca3fe34e) Importer(815301076,1909f56bfc062723c751e8b465ee728b)  -> (artifact id: '375a0027b7d85728ccbb73d1c40d0294') in 0.019655 seconds
Number of updated asset objects reloaded before import = 0
Number of asset objects unloaded after import = 8
========================================================================
Received Import Request.
  Time since last request: 8.750929 seconds.
  path: Assets/MyAssets/Prefabs/Round_4/Materials
  artifactKey: Guid(47fca1b9ae90f8e49985313fa19c121e) Importer(815301076,1909f56bfc062723c751e8b465ee728b)
Start importing Assets/MyAssets/Prefabs/Round_4/Materials using Guid(47fca1b9ae90f8e49985313fa19c121e) Importer(815301076,1909f56bfc062723c751e8b465ee728b)  -> (artifact id: '342f9277e7046762789b50dd85b354f4') in 0.000454 seconds
Number of updated asset objects reloaded before import = 0
Number of asset objects unloaded after import = 0
========================================================================
Received Import Request.
  Time since last request: 24.192332 seconds.
  path: Assets/MyAssets/Prefabs/Round_4/Materials/PaletteBottles2_apple.png
  artifactKey: Guid(134d26f280a47564687f1bd0b0cb91e2) Importer(815301076,1909f56bfc062723c751e8b465ee728b)
Start importing Assets/MyAssets/Prefabs/Round_4/Materials/PaletteBottles2_apple.png using Guid(134d26f280a47564687f1bd0b0cb91e2) Importer(815301076,1909f56bfc062723c751e8b465ee728b)  -> (artifact id: '17499c6be0f708c324208a700084b1e6') in 0.022783 seconds
Number of updated asset objects reloaded before import = 0
Number of asset objects unloaded after import = 2
========================================================================
Received Import Request.
  Time since last request: 0.000034 seconds.
  path: Assets/MyAssets/Prefabs/Round_4/Materials/PaletteBottles_seventy_percent_alcohol.png
  artifactKey: Guid(396ba0d54c6e7584daf177c7d6c3cd50) Importer(815301076,1909f56bfc062723c751e8b465ee728b)
Start importing Assets/MyAssets/Prefabs/Round_4/Materials/PaletteBottles_seventy_percent_alcohol.png using Guid(396ba0d54c6e7584daf177c7d6c3cd50) Importer(815301076,1909f56bfc062723c751e8b465ee728b)  -> (artifact id: '09a9f5ac83d9766ff605af091861e6ac') in 0.012354 seconds
Number of updated asset objects reloaded before import = 0
Number of asset objects unloaded after import = 2
========================================================================
Received Import Request.
  Time since last request: 0.000018 seconds.
  path: Assets/MyAssets/Prefabs/Round_4/Materials/PaletteBottles3_strawberrie.png
  artifactKey: Guid(d20001b7bac5287459c48adf31b8e403) Importer(815301076,1909f56bfc062723c751e8b465ee728b)
Start importing Assets/MyAssets/Prefabs/Round_4/Materials/PaletteBottles3_strawberrie.png using Guid(d20001b7bac5287459c48adf31b8e403) Importer(815301076,1909f56bfc062723c751e8b465ee728b)  -> (artifact id: '3acdbcb487a3800ec3ee1a6562499269') in 0.012754 seconds
Number of updated asset objects reloaded before import = 0
Number of asset objects unloaded after import = 2
========================================================================
Received Import Request.
  Time since last request: 0.000030 seconds.
  path: Assets/MyAssets/Prefabs/Round_4/Materials/PaletteBottles3_2_pinapple.png
  artifactKey: Guid(8c5f8a2a0de3bcb4ca2a63fe4fce9669) Importer(815301076,1909f56bfc062723c751e8b465ee728b)
Start importing Assets/MyAssets/Prefabs/Round_4/Materials/PaletteBottles3_2_pinapple.png using Guid(8c5f8a2a0de3bcb4ca2a63fe4fce9669) Importer(815301076,1909f56bfc062723c751e8b465ee728b)  -> (artifact id: '78fbe0d2b3af71c776d84c5af2520145') in 0.010816 seconds
Number of updated asset objects reloaded before import = 0
Number of asset objects unloaded after import = 2
========================================================================
Received Import Request.
  Time since last request: 0.000018 seconds.
  path: Assets/MyAssets/Prefabs/Round_4/Materials/PaletteBottles_lemon.png
  artifactKey: Guid(06cb88fef458ba0409bca1e49b2412e3) Importer(815301076,1909f56bfc062723c751e8b465ee728b)
Start importing Assets/MyAssets/Prefabs/Round_4/Materials/PaletteBottles_lemon.png using Guid(06cb88fef458ba0409bca1e49b2412e3) Importer(815301076,1909f56bfc062723c751e8b465ee728b)  -> (artifact id: '1d3c4b7d5fc4120c0805b838d6d5cb8f') in 0.011924 seconds
Number of updated asset objects reloaded before import = 0
Number of asset objects unloaded after import = 2
========================================================================
Received Import Request.
  Time since last request: 0.000030 seconds.
  path: Assets/MyAssets/Prefabs/Round_4/Materials/PaletteBottles3_strawberrie-and-coconut.png
  artifactKey: Guid(5c65411cd3aa2b84ba1ac89c59ed1ffb) Importer(815301076,1909f56bfc062723c751e8b465ee728b)
Start importing Assets/MyAssets/Prefabs/Round_4/Materials/PaletteBottles3_strawberrie-and-coconut.png using Guid(5c65411cd3aa2b84ba1ac89c59ed1ffb) Importer(815301076,1909f56bfc062723c751e8b465ee728b)  -> (artifact id: '4c604fdca2f192369f79922519ba5085') in 0.010954 seconds
Number of updated asset objects reloaded before import = 0
Number of asset objects unloaded after import = 2
========================================================================
Received Import Request.
  Time since last request: 0.000054 seconds.
  path: Assets/MyAssets/Prefabs/Round_4/Materials/PaletteBottles3_apple-and-blue-berries.png
  artifactKey: Guid(8f46fc7d6ad0cb14ba6af38f52c67cc8) Importer(815301076,1909f56bfc062723c751e8b465ee728b)
Start importing Assets/MyAssets/Prefabs/Round_4/Materials/PaletteBottles3_apple-and-blue-berries.png using Guid(8f46fc7d6ad0cb14ba6af38f52c67cc8) Importer(815301076,1909f56bfc062723c751e8b465ee728b)  -> (artifact id: '8024a4cd4511e22079d99bc36859b47e') in 0.012166 seconds
Number of updated asset objects reloaded before import = 0
Number of asset objects unloaded after import = 2
========================================================================
Received Import Request.
  Time since last request: 0.000021 seconds.
  path: Assets/MyAssets/Prefabs/Round_4/Materials/PaletteBottles_granade.png
  artifactKey: Guid(753aa57779d695748974ae074116ae43) Importer(815301076,1909f56bfc062723c751e8b465ee728b)
Start importing Assets/MyAssets/Prefabs/Round_4/Materials/PaletteBottles_granade.png using Guid(753aa57779d695748974ae074116ae43) Importer(815301076,1909f56bfc062723c751e8b465ee728b)  -> (artifact id: '7d81f175f40e57c1675004a15fa07c17') in 0.012194 seconds
Number of updated asset objects reloaded before import = 0
Number of asset objects unloaded after import = 2
========================================================================
Received Import Request.
  Time since last request: 30.333252 seconds.
  path: Assets/MyAssets/Materials/Black.mat
  artifactKey: Guid(cb9087104931c2b408a80b14d05add7d) Importer(815301076,1909f56bfc062723c751e8b465ee728b)
Start importing Assets/MyAssets/Materials/Black.mat using Guid(cb9087104931c2b408a80b14d05add7d) Importer(815301076,1909f56bfc062723c751e8b465ee728b)  -> (artifact id: 'acfab02a19e1e40e9d0e35427ebef2ee') in 0.013416 seconds
Number of updated asset objects reloaded before import = 0
Number of asset objects unloaded after import = 1
========================================================================
Received Import Request.
  Time since last request: 25.319584 seconds.
  path: Assets/MyAssets/Prefabs/Round_4/Bottle1.FBX
  artifactKey: Guid(05593e4c8df301f459ee0a7ea6ab6f29) Importer(815301076,1909f56bfc062723c751e8b465ee728b)
Start importing Assets/MyAssets/Prefabs/Round_4/Bottle1.FBX using Guid(05593e4c8df301f459ee0a7ea6ab6f29) Importer(815301076,1909f56bfc062723c751e8b465ee728b)  -> (artifact id: '8d453fe36e7849e77bf1ba42b62c1bfb') in 0.018498 seconds
Number of updated asset objects reloaded before import = 0
Number of asset objects unloaded after import = 11
========================================================================
Received Import Request.
  Time since last request: 10.772625 seconds.
  path: Assets/MyAssets/Prefabs/Round_4/SquareBottle.FBX
  artifactKey: Guid(05593e4c8df301f459ee0a7ea6ab6f29) Importer(815301076,1909f56bfc062723c751e8b465ee728b)
Start importing Assets/MyAssets/Prefabs/Round_4/SquareBottle.FBX using Guid(05593e4c8df301f459ee0a7ea6ab6f29) Importer(815301076,1909f56bfc062723c751e8b465ee728b)  -> (artifact id: '0beb535fe836f2d9206239ee7d13c136') in 0.033525 seconds
Number of updated asset objects reloaded before import = 0
Number of asset objects unloaded after import = 11
========================================================================
Received Import Request.
  Time since last request: 4.226873 seconds.
  path: Assets/MyAssets/Prefabs/Round_4/Materials/PaletteBottles.mat
  artifactKey: Guid(a3d7f2935bd31c146b0b3d6f49ea7e76) Importer(815301076,1909f56bfc062723c751e8b465ee728b)
Start importing Assets/MyAssets/Prefabs/Round_4/Materials/PaletteBottles.mat using Guid(a3d7f2935bd31c146b0b3d6f49ea7e76) Importer(815301076,1909f56bfc062723c751e8b465ee728b)  -> (artifact id: '90c0da6ca19208ab4264a586f47fa215') in 0.010921 seconds
Number of updated asset objects reloaded before import = 0
Number of asset objects unloaded after import = 2
========================================================================
Received Import Request.
  Time since last request: 28.103055 seconds.
  path: Assets/MyAssets/Prefabs/Round_4/Materials/Materials
  artifactKey: Guid(58970b21b6ed7d3459f604d39e3062de) Importer(815301076,1909f56bfc062723c751e8b465ee728b)
Start importing Assets/MyAssets/Prefabs/Round_4/Materials/Materials using Guid(58970b21b6ed7d3459f604d39e3062de) Importer(815301076,1909f56bfc062723c751e8b465ee728b)  -> (artifact id: 'e5f79a4336893284f131a6a27a7a9b86') in 0.000551 seconds
Number of updated asset objects reloaded before import = 0
Number of asset objects unloaded after import = 0
========================================================================
Received Import Request.
  Time since last request: 5.075299 seconds.
  path: Assets/MyAssets/Prefabs/Round_4/Materials/Materials/PaletteBottles2_apple.mat
  artifactKey: Guid(1326c759f806be549bb3335e129b8084) Importer(815301076,1909f56bfc062723c751e8b465ee728b)
Start importing Assets/MyAssets/Prefabs/Round_4/Materials/Materials/PaletteBottles2_apple.mat using Guid(1326c759f806be549bb3335e129b8084) Importer(815301076,1909f56bfc062723c751e8b465ee728b)  -> (artifact id: '095b1db2891fbc85ff0ea3e931652597') in 0.016395 seconds
Number of updated asset objects reloaded before import = 0
Number of asset objects unloaded after import = 2
========================================================================
Received Import Request.
  Time since last request: 0.000016 seconds.
  path: Assets/MyAssets/Prefabs/Round_4/Materials/Materials/PaletteBottles2_graps.mat
  artifactKey: Guid(dd4a56758f5015e4f904d73074efbca2) Importer(815301076,1909f56bfc062723c751e8b465ee728b)
Start importing Assets/MyAssets/Prefabs/Round_4/Materials/Materials/PaletteBottles2_graps.mat using Guid(dd4a56758f5015e4f904d73074efbca2) Importer(815301076,1909f56bfc062723c751e8b465ee728b)  -> (artifact id: '801e02371f535546206bc4b065b0f69e') in 0.035962 seconds
Number of updated asset objects reloaded before import = 0
Number of asset objects unloaded after import = 2
========================================================================
Received Import Request.
  Time since last request: 0.000017 seconds.
  path: Assets/MyAssets/Prefabs/Round_4/Materials/Materials/PaletteBottles2_pear-and-watermelon.mat
  artifactKey: Guid(b8ec0a538f8982f4c87c6f4a8cc0d0bf) Importer(815301076,1909f56bfc062723c751e8b465ee728b)
Start importing Assets/MyAssets/Prefabs/Round_4/Materials/Materials/PaletteBottles2_pear-and-watermelon.mat using Guid(b8ec0a538f8982f4c87c6f4a8cc0d0bf) Importer(815301076,1909f56bfc062723c751e8b465ee728b)  -> (artifact id: 'c8b4a0eb62e321d865abec947d77a38c') in 0.014178 seconds
Number of updated asset objects reloaded before import = 0
Number of asset objects unloaded after import = 2
========================================================================
Received Import Request.
  Time since last request: 324.517425 seconds.
  path: Assets/MyAssets/Prefabs/Round_4/Textures/LargeBottle_banana-and-coconut.png
  artifactKey: Guid(fea335a3798409845890768c5c880442) Importer(815301076,1909f56bfc062723c751e8b465ee728b)
Start importing Assets/MyAssets/Prefabs/Round_4/Textures/LargeBottle_banana-and-coconut.png using Guid(fea335a3798409845890768c5c880442) Importer(815301076,1909f56bfc062723c751e8b465ee728b)  -> (artifact id: '89f47b0d9d6a330e53155e4e2db00571') in 0.016083 seconds
Number of updated asset objects reloaded before import = 0
Number of asset objects unloaded after import = 2
========================================================================
Received Import Request.
  Time since last request: 0.000017 seconds.
  path: Assets/MyAssets/Prefabs/Round_4/Textures/LargeBottle_orange.png
  artifactKey: Guid(f9b9966c7dc721a4ab0cd58c689c237c) Importer(815301076,1909f56bfc062723c751e8b465ee728b)
Start importing Assets/MyAssets/Prefabs/Round_4/Textures/LargeBottle_orange.png using Guid(f9b9966c7dc721a4ab0cd58c689c237c) Importer(815301076,1909f56bfc062723c751e8b465ee728b)  -> (artifact id: 'efb963a36a353eb0a46ce9c9801e5135') in 0.007967 seconds
Number of updated asset objects reloaded before import = 0
Number of asset objects unloaded after import = 2
========================================================================
Received Import Request.
  Time since last request: 0.000016 seconds.
  path: Assets/MyAssets/Prefabs/Round_4/Textures/SmallBottle_lime.png
  artifactKey: Guid(1b56cccf23a8cc240b2578a4acb53286) Importer(815301076,1909f56bfc062723c751e8b465ee728b)
Start importing Assets/MyAssets/Prefabs/Round_4/Textures/SmallBottle_lime.png using Guid(1b56cccf23a8cc240b2578a4acb53286) Importer(815301076,1909f56bfc062723c751e8b465ee728b)  -> (artifact id: 'dcf613d3f944abf4a50445ff883ccc77') in 0.020424 seconds
Number of updated asset objects reloaded before import = 0
Number of asset objects unloaded after import = 2
========================================================================
Received Import Request.
  Time since last request: 0.000020 seconds.
  path: Assets/MyAssets/Prefabs/Round_4/Textures/SmallBottle_apple-and-blue-berries.png
  artifactKey: Guid(be0af07bab59c2d4c9133eee0fae9de8) Importer(815301076,1909f56bfc062723c751e8b465ee728b)
Start importing Assets/MyAssets/Prefabs/Round_4/Textures/SmallBottle_apple-and-blue-berries.png using Guid(be0af07bab59c2d4c9133eee0fae9de8) Importer(815301076,1909f56bfc062723c751e8b465ee728b)  -> (artifact id: '776cdf10011df664eb208746d0a48a49') in 0.007423 seconds
Number of updated asset objects reloaded before import = 0
Number of asset objects unloaded after import = 2
========================================================================
Received Import Request.
  Time since last request: 0.000017 seconds.
  path: Assets/MyAssets/Prefabs/Round_4/Textures/LargeBottle_graps.png
  artifactKey: Guid(931b1a4e9819d494aab330ed48733db2) Importer(815301076,1909f56bfc062723c751e8b465ee728b)
Start importing Assets/MyAssets/Prefabs/Round_4/Textures/LargeBottle_graps.png using Guid(931b1a4e9819d494aab330ed48733db2) Importer(815301076,1909f56bfc062723c751e8b465ee728b)  -> (artifact id: 'bc175bba54fd99f7f8ea7135e5822996') in 0.006419 seconds
Number of updated asset objects reloaded before import = 0
Number of asset objects unloaded after import = 2
========================================================================
Received Import Request.
  Time since last request: 0.000020 seconds.
  path: Assets/MyAssets/Prefabs/Round_4/Textures/SmallBottle_coconut.png
  artifactKey: Guid(180e9cc10e52f8c479c92966ae58e3c2) Importer(815301076,1909f56bfc062723c751e8b465ee728b)
Start importing Assets/MyAssets/Prefabs/Round_4/Textures/SmallBottle_coconut.png using Guid(180e9cc10e52f8c479c92966ae58e3c2) Importer(815301076,1909f56bfc062723c751e8b465ee728b)  -> (artifact id: '493e60752e1ced6acee26359d5a94daf') in 0.015876 seconds
Number of updated asset objects reloaded before import = 0
Number of asset objects unloaded after import = 2
========================================================================
Received Import Request.
  Time since last request: 0.000018 seconds.
  path: Assets/MyAssets/Prefabs/Round_4/Textures/SmallBottle_banana.png
  artifactKey: Guid(c43e5b105894eea4baa75956a65f7f4a) Importer(815301076,1909f56bfc062723c751e8b465ee728b)
Start importing Assets/MyAssets/Prefabs/Round_4/Textures/SmallBottle_banana.png using Guid(c43e5b105894eea4baa75956a65f7f4a) Importer(815301076,1909f56bfc062723c751e8b465ee728b)  -> (artifact id: '67aa432bce421b7aa35d702dd2762140') in 0.006678 seconds
Number of updated asset objects reloaded before import = 0
Number of asset objects unloaded after import = 2
========================================================================
Received Import Request.
  Time since last request: 0.000014 seconds.
  path: Assets/MyAssets/Prefabs/Round_4/Textures/LargeBottle_pear.png
  artifactKey: Guid(4806e98a9fd5f29488053afbb41388ec) Importer(815301076,1909f56bfc062723c751e8b465ee728b)
Start importing Assets/MyAssets/Prefabs/Round_4/Textures/LargeBottle_pear.png using Guid(4806e98a9fd5f29488053afbb41388ec) Importer(815301076,1909f56bfc062723c751e8b465ee728b)  -> (artifact id: 'b2fd71a102bd7d85044ac0e8d002d17b') in 0.015549 seconds
Number of updated asset objects reloaded before import = 0
Number of asset objects unloaded after import = 2
========================================================================
Received Import Request.
  Time since last request: 0.000016 seconds.
  path: Assets/MyAssets/Prefabs/Round_4/Textures/SmallBottle_watermelon.png
  artifactKey: Guid(91ad1aaf37128d040bb1fd582e7ac118) Importer(815301076,1909f56bfc062723c751e8b465ee728b)
Start importing Assets/MyAssets/Prefabs/Round_4/Textures/SmallBottle_watermelon.png using Guid(91ad1aaf37128d040bb1fd582e7ac118) Importer(815301076,1909f56bfc062723c751e8b465ee728b)  -> (artifact id: '89f3aa094ee0629374981301804a96b5') in 0.015038 seconds
Number of updated asset objects reloaded before import = 0
Number of asset objects unloaded after import = 2
Editor requested this worker to shutdown with reason: Scaling down because of idle timeout
TcpMessagingSession - receive error: operation aborted. errorcode: 995, details: La operación de E/S se anuló por una salida de subproceso o por una solicitud de aplicación.
AssetImportWorker is now disconnected from the server
Process exiting
Exiting without the bug reporter. Application will terminate with return code 0